<?xml version="1.0" encoding="UTF-8" ?>
<testsuite errors="0" failures="0" hostname="gelee-macbook-pro.local" name="org.wattdepot.datainput.TestVerisRowParser" tests="5" time="0.093" timestamp="2011-02-20T06:36:06">
  <properties>
    <property name="java.home.ivy.instance" value="/System/Library/Java/JavaVirtualMachines/1.6.0.jdk/Contents/Home" />
    <property name="ant.file.type.javancss" value="file" />
    <property name="library.versions.path" value="/Users/gelee/Code/wattdepot/trunk/configfiles/library.versions.properties" />
    <property name="ant.home.ivy.instance" value="/usr/share/ant" />
    <property name="ant.file.javancss" value="/Users/gelee/Code/wattdepot/trunk/javancss.build.xml" />
    <property name="java.awt.graphicsenv.ivy.instance" value="apple.awt.CGraphicsEnvironment" />
    <property name="emma.dir" value="/Users/gelee/Code/wattdepot/trunk/build/emma" />
    <property name="java.awt.printerjob.ivy.instance" value="apple.awt.CPrinterJob" />
    <property name="ant.library.dir" value="/usr/share/ant/lib" />
    <property name="sclc.dir" value="/Users/gelee/Code/wattdepot/trunk/build/sclc" />
    <property name="pmd.dir" value="/Users/gelee/Code/wattdepot/trunk/build/pmd" />
    <property name="checkstyle.install.dir" value="/Users/gelee/Code/wattdepot/trunk/lib/checkstyle" />
    <property name="ant.core.lib" value="/usr/share/ant/lib/ant.jar" />
    <property name="java.vm.info.ivy.instance" value="mixed mode" />
    <property name="ant.file.javadoc" value="/Users/gelee/Code/wattdepot/trunk/javadoc.build.xml" />
    <property name="hackystat.enabled" value="true" />
    <property name="ivy.report.output.pattern.ivy.instance" value="[organisation]-[module]-[conf].[ext]" />
    <property name="user.dir" value="/Users/gelee/Code/wattdepot/trunk" />
    <property name="java.vm.version" value="17.1-b03-307" />
    <property name="ant.file.common" value="/Users/gelee/Code/wattdepot/trunk/common.build.xml" />
    <property name="checkstyle.dir" value="/Users/gelee/Code/wattdepot/trunk/build/checkstyle" />
    <property name="configfiles.dir" value="/Users/gelee/Code/wattdepot/trunk/lib/configfiles" />
    <property name="ivy.lib.dir.ivy.instance" value="/Users/gelee/Code/wattdepot/trunk/lib" />
    <property name="path.separator.ivy.instance" value=":" />
    <property name="javancss.install.dir" value="/Users/gelee/Code/wattdepot/trunk/lib/javancss" />
    <property name="lib.dir" value="/Users/gelee/Code/wattdepot/trunk/lib" />
    <property name="java.library.path.ivy.instance" value=".:/Library/Java/Extensions:/System/Library/Java/Extensions:/usr/lib/java" />
    <property name="ivy.resolve.default.type.filter.ivy.instance" value="*" />
    <property name="java.version.ivy.instance" value="1.6.0_22" />
    <property name="sun.os.patch.level" value="unknown" />
    <property name="jetty.version" value="6.1.9" />
    <property name="java.vm.specification.name" value="Java Virtual Machine Specification" />
    <property name="file.separator.ivy.instance" value="/" />
    <property name="ant.file.type.emma" value="file" />
    <property name="os.name" value="Mac OS X" />
    <property name="ivy.status" value="integration" />
    <property name="mrj.version" value="1060.1.6.0_22-307" />
    <property name="ivy.settings.dir.ivy.instance" value="/Users/gelee/Code/wattdepot/trunk" />
    <property name="java.vendor.url.bug" value="http://bugreport.apple.com/" />
    <property name="hackystat.verbose.mode" value="false" />
    <property name="os.arch" value="x86_64" />
    <property name="user.name" value="gelee" />
    <property name="ivy.retrieve.pattern.ivy.instance" value="/Users/gelee/Code/wattdepot/trunk/lib/[artifact]-[revision](-[classifier]).[ext]" />
    <property name="DAYSTAMP" value="219" />
    <property name="version" value="1.4.219" />
    <property name="sun.arch.data.model.ivy.instance" value="64" />
    <property name="ivy.default.conf.dir" value="jar:file:/Users/gelee/.ivy2/ivyjar/ivy.jar!/org/apache/ivy/core/settings" />
    <property name="findbugs.dir" value="/Users/gelee/Code/wattdepot/trunk/build/findbugs" />
    <property name="user.country" value="US" />
    <property name="tmp.dir" value="/Users/gelee/Code/wattdepot/trunk/tmp" />
    <property name="ant.file.verify" value="/Users/gelee/Code/wattdepot/trunk/verify.build.xml" />
    <property name="java.vm.specification.version.ivy.instance" value="1.0" />
    <property name="javadoc.dir" value="/Users/gelee/Code/wattdepot/trunk/build/javadoc" />
    <property name="checkstyle.version" value="5.0" />
    <property name="ivy.default.always.check.exact.revision" value="false" />
    <property name="junit.build.dir" value="/Users/gelee/Code/wattdepot/trunk/build/junit" />
    <property name="ant.file.checkstyle" value="/Users/gelee/Code/wattdepot/trunk/checkstyle.build.xml" />
    <property name="ant.file.type.dependencyfinder" value="file" />
    <property name="os.name.ivy.instance" value="Mac OS X" />
    <property name="java.endorsed.dirs" value="/System/Library/Java/JavaVirtualMachines/1.6.0.jdk/Contents/Home/lib/endorsed" />
    <property name="java.endorsed.dirs.ivy.instance" value="/System/Library/Java/JavaVirtualMachines/1.6.0.jdk/Contents/Home/lib/endorsed" />
    <property name="ant.file.type.junit" value="file" />
    <property name="hackystat.enable" value="true" />
    <property name="junit.haltonfailure" value="true" />
    <property name="ivy.lib.dir" value="/Users/gelee/Code/wattdepot/trunk/lib" />
    <property name="junit.version" value="4.5" />
    <property name="emma.version" value="2.0.5312" />
    <property name="java.vm.specification.version" value="1.0" />
    <property name="http.nonProxyHosts.ivy.instance" value="local|*.local|169.254/16|*.169.254/16" />
    <property name="ftp.nonProxyHosts" value="local|*.local|169.254/16|*.169.254/16" />
    <property name="gopherProxySet.ivy.instance" value="false" />
    <property name="ivy.settings.url" value="file:/Users/gelee/Code/wattdepot/trunk/ivysettings.xml" />
    <property name="java.vendor" value="Apple Inc." />
    <property name="dependencyfinder.install.dir" value="/Users/gelee/Code/wattdepot/trunk/lib/dependencyfinder" />
    <property name="user.dir.ivy.instance" value="/Users/gelee/Code/wattdepot/trunk" />
    <property name="ivy.default.settings.dir" value="jar:file:/Users/gelee/.ivy2/ivyjar/ivy.jar!/org/apache/ivy/core/settings" />
    <property name="ivy.settings.file" value="ivysettings.xml" />
    <property name="java.runtime.name.ivy.instance" value="Java(TM) SE Runtime Environment" />
    <property name="file.separator" value="/" />
    <property name="ivy.cache.dir.ivy.instance" value="/Users/gelee/.ivy2/cache" />
    <property name="ivy.conf.file" value="/Users/gelee/Code/wattdepot/trunk/ivysettings.xml" />
    <property name="ivy.default.settings.dir.ivy.instance" value="jar:file:/Users/gelee/.ivy2/ivyjar/ivy.jar!/org/apache/ivy/core/settings" />
    <property name="mrj.build.ivy.instance" value="10M3261" />
    <property name="wicket.version" value="1.3.6" />
    <property name="sun.java.launcher" value="SUN_STANDARD" />
    <property name="checkstyle.failOnViolation" value="true" />
    <property name="emma.install.dir" value="/Users/gelee/Code/wattdepot/trunk/lib/emma" />
    <property name="icu4j.version" value="4.0.1.1" />
    <property name="java.io.tmpdir.ivy.instance" value="/var/folders/lY/lY76KAiSFbanT3xQJAOcmU+++TM/-Tmp-/" />
    <property name="ant.home" value="/usr/share/ant" />
    <property name="sclc.xsl.file" value="/Users/gelee/Code/wattdepot/trunk/lib/configfiles/sclc.xsl" />
    <property name="ant.java.version" value="1.6" />
    <property name="java.library.path" value=".:/Library/Java/Extensions:/System/Library/Java/Extensions:/usr/lib/java" />
    <property name="DSTAMP" value="20110219" />
    <property name="ant.file.jar" value="/Users/gelee/Code/wattdepot/trunk/jar.build.xml" />
    <property name="sun.arch.data.model" value="64" />
    <property name="basedir" value="/Users/gelee/Code/wattdepot/trunk" />
    <property name="java.vendor.url.ivy.instance" value="http://www.apple.com/" />
    <property name="java.ext.dirs.ivy.instance" value="/Library/Java/Extensions:/System/Library/Java/Extensions:/System/Library/Java/JavaVirtualMachines/1.6.0.jdk/Contents/Home/lib/ext" />
    <property name="ant.file.dist" value="/Users/gelee/Code/wattdepot/trunk/dist.build.xml" />
    <property name="minorVersionNumber" value="4" />
    <property name="ivy.version" value="2.1.0-rc1" />
    <property name="path.separator" value=":" />
    <property name="ant.file.pmd" value="/Users/gelee/Code/wattdepot/trunk/pmd.build.xml" />
    <property name="ivy.resolver.default.check.modified.ivy.instance" value="false" />
    <property name="sun.io.unicode.encoding" value="UnicodeLittle" />
    <property name="javancss.version" value="30.51" />
    <property name="ivy.conf.dir" value="/Users/gelee/Code/wattdepot/trunk" />
    <property name="TSTAMP" value="2035" />
    <property name="user.language" value="en" />
    <property name="java.vm.specification.vendor.ivy.instance" value="Sun Microsystems Inc." />
    <property name="tmp.lib.dir" value="/Users/gelee/Code/wattdepot/trunk/tmp-lib" />
    <property name="ant.project.invoked-targets" value="verify" />
    <property name="awt.toolkit.ivy.instance" value="apple.awt.CToolkit" />
    <property name="gopherProxySet" value="false" />
    <property name="ivy.report.output.pattern" value="[organisation]-[module]-[conf].[ext]" />
    <property name="java.class.version" value="50.0" />
    <property name="sun.boot.library.path.ivy.instance" value="/System/Library/Java/JavaVirtualMachines/1.6.0.jdk/Contents/Libraries" />
    <property name="ivy.available" value="true" />
    <property name="os.version.ivy.instance" value="10.6.6" />
    <property name="configfiles.url" value="http://hackystat.googlecode.com/svn/trunk/configfiles/" />
    <property name="ivy.project.dir.ivy.instance" value="/Users/gelee/Code/wattdepot/trunk" />
    <property name="file.encoding.pkg" value="sun.io" />
    <property name="sun.cpu.endian" value="little" />
    <property name="findbugs.filter.file" value="/Users/gelee/Code/wattdepot/trunk/lib/configfiles/hackystat.findbugs.exclude.xml" />
    <property name="hackystat.version" value="8.3.1108" />
    <property name="ivy.configurations.ivy.instance" value="*" />
    <property name="ant.file.dependencyfinder" value="/Users/gelee/Code/wattdepot/trunk/dependencyfinder.build.xml" />
    <property name="ivy.home.ivy.instance" value="/Users/gelee/.ivy2" />
    <property name="javancss.abortOnFail" value="false" />
    <property name="socksNonProxyHosts" value="local|*.local|169.254/16|*.169.254/16" />
    <property name="jikes.class.path" value=":/System/Library/Java/JavaVirtualMachines/1.6.0.jdk/Contents/Home/../Classes/alt-rt.jar:/System/Library/Java/JavaVirtualMachines/1.6.0.jdk/Contents/Home/../Classes/charsets.jar:/System/Library/Java/JavaVirtualMachines/1.6.0.jdk/Contents/Home/../Classes/classes.jar:/System/Library/Java/JavaVirtualMachines/1.6.0.jdk/Contents/Home/../Classes/dt.jar:/System/Library/Java/JavaVirtualMachines/1.6.0.jdk/Contents/Home/../Classes/jce.jar:/System/Library/Java/JavaVirtualMachines/1.6.0.jdk/Contents/Home/../Classes/jconsole.jar:/System/Library/Java/JavaVirtualMachines/1.6.0.jdk/Contents/Home/../Classes/jsse.jar:/System/Library/Java/JavaVirtualMachines/1.6.0.jdk/Contents/Home/../Classes/management-agent.jar:/System/Library/Java/JavaVirtualMachines/1.6.0.jdk/Contents/Home/../Classes/ui.jar" />
    <property name="java.home" value="/System/Library/Java/JavaVirtualMachines/1.6.0.jdk/Contents/Home" />
    <property name="ant.file.wattdepot" value="/Users/gelee/Code/wattdepot/trunk/build.xml" />
    <property name="ant.project.default-target" value="verify" />
    <property name="ivy.status.ivy.instance" value="integration" />
    <property name="ant.library.dir.ivy.instance" value="/usr/share/ant/lib" />
    <property name="google-collections.version" value="1.0-rc2" />
    <property name="sun.java.launcher.ivy.instance" value="SUN_STANDARD" />
    <property name="sclc.version" value="2.7.428" />
    <property name="ant.file.type.findbugs" value="file" />
    <property name="http.nonProxyHosts" value="local|*.local|169.254/16|*.169.254/16" />
    <property name="ant.file.findbugs" value="/Users/gelee/Code/wattdepot/trunk/findbugs.build.xml" />
    <property name="ivy.basedir.ivy.instance" value="/Users/gelee/Code/wattdepot/trunk" />
    <property name="java.vm.vendor.ivy.instance" value="Apple Inc." />
    <property name="ivy.cache.ttl.default.ivy.instance" value="10s" />
    <property name="checkstyle.config.file.path" value="/Users/gelee/Code/wattdepot/trunk/lib/configfiles/wattdepot.checkstyle.xml" />
    <property name="ivy.default.conf.dir.ivy.instance" value="jar:file:/Users/gelee/.ivy2/ivyjar/ivy.jar!/org/apache/ivy/core/settings" />
    <property name="ivy.settings.url.ivy.instance" value="file:/Users/gelee/Code/wattdepot/trunk/ivysettings.xml" />
    <property name="sun.management.compiler" value="HotSpot 64-Bit Server Compiler" />
    <property name="emma.echo.file" value="/Users/gelee/Code/wattdepot/trunk/lib/configfiles/hackystat.emma.xsl" />
    <property name="majorVersionNumber" value="1" />
    <property name="ant.file.sclc" value="/Users/gelee/Code/wattdepot/trunk/sclc.build.xml" />
    <property name="ant.file" value="/Users/gelee/Code/wattdepot/trunk/verify.build.xml" />
    <property name="ivy.buildlist.ivyfilepath.ivy.instance" value="ivy.xml" />
    <property name="user.country.ivy.instance" value="US" />
    <property name="junit.dir" value="/Users/gelee/Code/wattdepot/trunk/build/junit" />
    <property name="ivy.default.always.check.exact.revision.ivy.instance" value="false" />
    <property name="ivy.jar.path" value="/Users/gelee/.ivy2/ivyjar" />
    <property name="sun.cpu.isalist.ivy.instance" value="" />
    <property name="java.vm.specification.vendor" value="Sun Microsystems Inc." />
    <property name="findbugs.install.dir" value="/Users/gelee/Code/wattdepot/trunk/lib/findbugs" />
    <property name="java.vm.name" value="Java HotSpot(TM) 64-Bit Server VM" />
    <property name="java.io.tmpdir" value="/var/folders/lY/lY76KAiSFbanT3xQJAOcmU+++TM/-Tmp-/" />
    <property name="file.encoding.ivy.instance" value="MacRoman" />
    <property name="java.vendor.url" value="http://www.apple.com/" />
    <property name="ivy.cache.ttl.default" value="10s" />
    <property name="ivy.settings.file.ivy.instance" value="/Users/gelee/Code/wattdepot/trunk/ivysettings.xml" />
    <property name="mrj.build" value="10M3261" />
    <property name="sun.boot.library.path" value="/System/Library/Java/JavaVirtualMachines/1.6.0.jdk/Contents/Libraries" />
    <property name="derby.version" value="10.5.3.0" />
    <property name="file.encoding.pkg.ivy.instance" value="sun.io" />
    <property name="ivy.resolver.default.check.modified" value="false" />
    <property name="java.runtime.name" value="Java(TM) SE Runtime Environment" />
    <property name="ant.project.name" value="verify" />
    <property name="build.jar.dir" value="/Users/gelee/Code/wattdepot/trunk/build/jar" />
    <property name="sun.management.compiler.ivy.instance" value="HotSpot 64-Bit Server Compiler" />
    <property name="java.vendor.url.bug.ivy.instance" value="http://bugreport.apple.com/" />
    <property name="ivy.conf.dir.ivy.instance" value="/Users/gelee/Code/wattdepot/trunk" />
    <property name="ant.file.type.wattdepot" value="file" />
    <property name="ivy.buildlist.ivyfilepath" value="ivy.xml" />
    <property name="sun.cpu.isalist" value="" />
    <property name="system.name" value="wattdepot" />
    <property name="ivy.default.ivy.user.dir" value="/Users/gelee/.ivy2" />
    <property name="java.runtime.version.ivy.instance" value="1.6.0_22-b04-307-10M3261" />
    <property name="user.home" value="/Users/gelee" />
    <property name="java.vm.version.ivy.instance" value="17.1-b03-307" />
    <property name="java.specification.name" value="Java Platform API Specification" />
    <property name="sclc.install.dir" value="/Users/gelee/Code/wattdepot/trunk/lib/sclc" />
    <property name="ivy.dep.file" value="ivy.xml" />
    <property name="ant.file.type.common" value="file" />
    <property name="user.timezone.ivy.instance" value="Pacific/Honolulu" />
    <property name="ivy.deliver.ivy.pattern.ivy.instance" value="/Users/gelee/Code/wattdepot/trunk/distrib/[type]s/[artifact]-[revision](-[classifier]).[ext]" />
    <property name="ivy.conf.url" value="file:/Users/gelee/Code/wattdepot/trunk/ivysettings.xml" />
    <property name="java.specification.vendor" value="Sun Microsystems Inc." />
    <property name="pmd.rulesets.file" value="/Users/gelee/Code/wattdepot/trunk/lib/configfiles/hackystat.pmd.xml" />
    <property name="findbugs.version" value="1.3.8" />
    <property name="java.version" value="1.6.0_22" />
    <property name="ant.file.type.jar" value="file" />
    <property name="sun.jnu.encoding.ivy.instance" value="MacRoman" />
    <property name="sun.io.unicode.encoding.ivy.instance" value="UnicodeLittle" />
    <property name="ivy.conf.file.ivy.instance" value="/Users/gelee/Code/wattdepot/trunk/ivysettings.xml" />
    <property name="ant.file.type.dist" value="file" />
    <property name="ant.1.7.available" value="true" />
    <property name="awt.nativeDoubleBuffering" value="true" />
    <property name="ant.file.type.pmd" value="file" />
    <property name="awt.nativeDoubleBuffering.ivy.instance" value="true" />
    <property name="basedir.ivy.instance" value="/Users/gelee/Code/wattdepot/trunk" />
    <property name="ivy.conf.url.ivy.instance" value="file:/Users/gelee/Code/wattdepot/trunk/ivysettings.xml" />
    <property name="java.specification.vendor.ivy.instance" value="Sun Microsystems Inc." />
    <property name="ivy.build.artifacts.dir.ivy.instance" value="/Users/gelee/Code/wattdepot/trunk/build/artifacts" />
    <property name="ant.file.emma" value="/Users/gelee/Code/wattdepot/trunk/emma.build.xml" />
    <property name="ivy.cache.dir" value="/Users/gelee/.ivy2/cache" />
    <property name="user.language.ivy.instance" value="en" />
    <property name="java.class.path.ivy.instance" value="/usr/share/ant/lib/ant-launcher.jar:/usr/local/Cellar/clojure-contrib/1.2.0/clojure-contrib.jar:/Users/gelee/.ant/lib/antsensors.jar:/Users/gelee/.ant/lib/xmldata-cli.jar:/usr/share/ant/lib/ant-antlr.jar:/usr/share/ant/lib/ant-jai.jar:/usr/share/ant/lib/ant-jmf.jar:/usr/share/ant/lib/ant-junit.jar:/usr/share/ant/lib/ant-launcher.jar:/usr/share/ant/lib/ant-nodeps.jar:/usr/share/ant/lib/ant-swing.jar:/usr/share/ant/lib/ant-testutil.jar:/usr/share/ant/lib/ant.jar" />
    <property name="javadoc.failonerror" value="false" />
    <property name="sun.cpu.endian.ivy.instance" value="little" />
    <property name="line.separator" value="
" />
    <property name="java.specification.version" value="1.6" />
    <property name="ivy.publish.src.artifacts.pattern" value="/Users/gelee/Code/wattdepot/trunk/distrib/[type]s/[artifact]-[revision](-[classifier]).[ext]" />
    <property name="java.vm.info" value="mixed mode" />
    <property name="ivy.retrieve.pattern" value="/Users/gelee/Code/wattdepot/trunk/lib/[artifact]-[revision](-[classifier]).[ext]" />
    <property name="ftp.nonProxyHosts.ivy.instance" value="local|*.local|169.254/16|*.169.254/16" />
    <property name="ivy.targets.copied" value="false" />
    <property name="sun.boot.class.path" value="/System/Library/Java/JavaVirtualMachines/1.6.0.jdk/Contents/Classes/jsfd.jar:/System/Library/Java/JavaVirtualMachines/1.6.0.jdk/Contents/Classes/classes.jar:/System/Library/Frameworks/JavaVM.framework/Frameworks/JavaRuntimeSupport.framework/Resources/Java/JavaRuntimeSupport.jar:/System/Library/Java/JavaVirtualMachines/1.6.0.jdk/Contents/Classes/ui.jar:/System/Library/Java/JavaVirtualMachines/1.6.0.jdk/Contents/Classes/laf.jar:/System/Library/Java/JavaVirtualMachines/1.6.0.jdk/Contents/Classes/sunrsasign.jar:/System/Library/Java/JavaVirtualMachines/1.6.0.jdk/Contents/Classes/jsse.jar:/System/Library/Java/JavaVirtualMachines/1.6.0.jdk/Contents/Classes/jce.jar:/System/Library/Java/JavaVirtualMachines/1.6.0.jdk/Contents/Classes/charsets.jar" />
    <property name="ivy.resolve.default.type.filter" value="*" />
    <property name="ant.file.type.checkstyle" value="file" />
    <property name="java.specification.version.ivy.instance" value="1.6" />
    <property name="ant.file.type.javadoc" value="file" />
    <property name="src.dir" value="/Users/gelee/Code/wattdepot/trunk/src" />
    <property name="ivy.basedir" value="/Users/gelee/Code/wattdepot/trunk" />
    <property name="ivy.log.modules.in.use.ivy.instance" value="false" />
    <property name="pmd.version" value="4.2.5" />
    <property name="java.specification.name.ivy.instance" value="Java Platform API Specification" />
    <property name="pmd.failonerror" value="true" />
    <property name="line.separator.ivy.instance" value="
" />
    <property name="user.home.ivy.instance" value="/Users/gelee" />
    <property name="ivy.publish.src.artifacts.pattern.ivy.instance" value="/Users/gelee/Code/wattdepot/trunk/distrib/[type]s/[artifact]-[revision](-[classifier]).[ext]" />
    <property name="ant.file.junit" value="/Users/gelee/Code/wattdepot/trunk/junit.build.xml" />
    <property name="ivy.deliver.ivy.pattern" value="/Users/gelee/Code/wattdepot/trunk/distrib/[type]s/[artifact]-[revision](-[classifier]).[ext]" />
    <property name="jikes.class.path.ivy.instance" value=":/System/Library/Java/JavaVirtualMachines/1.6.0.jdk/Contents/Home/../Classes/alt-rt.jar:/System/Library/Java/JavaVirtualMachines/1.6.0.jdk/Contents/Home/../Classes/charsets.jar:/System/Library/Java/JavaVirtualMachines/1.6.0.jdk/Contents/Home/../Classes/classes.jar:/System/Library/Java/JavaVirtualMachines/1.6.0.jdk/Contents/Home/../Classes/dt.jar:/System/Library/Java/JavaVirtualMachines/1.6.0.jdk/Contents/Home/../Classes/jce.jar:/System/Library/Java/JavaVirtualMachines/1.6.0.jdk/Contents/Home/../Classes/jconsole.jar:/System/Library/Java/JavaVirtualMachines/1.6.0.jdk/Contents/Home/../Classes/jsse.jar:/System/Library/Java/JavaVirtualMachines/1.6.0.jdk/Contents/Home/../Classes/management-agent.jar:/System/Library/Java/JavaVirtualMachines/1.6.0.jdk/Contents/Home/../Classes/ui.jar" />
    <property name="ant.file.type.verify" value="file" />
    <property name="ivy.checksums.ivy.instance" value="sha1,md5" />
    <property name="java.awt.printerjob" value="apple.awt.CPrinterJob" />
    <property name="TODAY" value="February 19 2011" />
    <property name="sun.jnu.encoding" value="MacRoman" />
    <property name="ivy.default.ivy.user.dir.ivy.instance" value="/Users/gelee/.ivy2" />
    <property name="commons-lang.version" value="2.4" />
    <property name="ivy.project.dir" value="/Users/gelee/Code/wattdepot/trunk" />
    <property name="java.runtime.version" value="1.6.0_22-b04-307-10M3261" />
    <property name="sun.boot.class.path.ivy.instance" value="/System/Library/Java/JavaVirtualMachines/1.6.0.jdk/Contents/Classes/jsfd.jar:/System/Library/Java/JavaVirtualMachines/1.6.0.jdk/Contents/Classes/classes.jar:/System/Library/Frameworks/JavaVM.framework/Frameworks/JavaRuntimeSupport.framework/Resources/Java/JavaRuntimeSupport.jar:/System/Library/Java/JavaVirtualMachines/1.6.0.jdk/Contents/Classes/ui.jar:/System/Library/Java/JavaVirtualMachines/1.6.0.jdk/Contents/Classes/laf.jar:/System/Library/Java/JavaVirtualMachines/1.6.0.jdk/Contents/Classes/sunrsasign.jar:/System/Library/Java/JavaVirtualMachines/1.6.0.jdk/Contents/Classes/jsse.jar:/System/Library/Java/JavaVirtualMachines/1.6.0.jdk/Contents/Classes/jce.jar:/System/Library/Java/JavaVirtualMachines/1.6.0.jdk/Contents/Classes/charsets.jar" />
    <property name="ivy.home" value="/Users/gelee/.ivy2" />
    <property name="java.vendor.ivy.instance" value="Apple Inc." />
    <property name="ivy.distrib.dir.ivy.instance" value="/Users/gelee/Code/wattdepot/trunk/distrib" />
    <property name="user.timezone" value="" />
    <property name="dependencyfinder.version" value="1.2.1-beta1" />
    <property name="checkstyle.jar" value="checkstyle-all.jar" />
    <property name="java.vm.specification.name.ivy.instance" value="Java Virtual Machine Specification" />
    <property name="ivy.dep.file.ivy.instance" value="ivy.xml" />
    <property name="java.ext.dirs" value="/Library/Java/Extensions:/System/Library/Java/Extensions:/System/Library/Java/JavaVirtualMachines/1.6.0.jdk/Contents/Home/lib/ext" />
    <property name="checkstyle.config.file" value="wattdepot.checkstyle.xml" />
    <property name="java.class.path" value="/Users/gelee/Code/wattdepot/trunk/build/classes:/Users/gelee/Code/wattdepot/trunk/lib/junit/junit.jar:/Users/gelee/Code/wattdepot/trunk/lib/restlet/com.noelios.restlet.ext.simple_3.1.jar:/Users/gelee/Code/wattdepot/trunk/lib/restlet/com.noelios.restlet.jar:/Users/gelee/Code/wattdepot/trunk/lib/restlet/org.restlet.jar:/Users/gelee/Code/wattdepot/trunk/lib/restlet/org.simpleframework.jar:/Users/gelee/Code/wattdepot/trunk/lib/commons-cli/commons-cli.jar:/Users/gelee/Code/wattdepot/trunk/lib/commons-lang/commons-lang.jar:/Users/gelee/Code/wattdepot/trunk/lib/commons-logging/commons-logging.jar:/Users/gelee/Code/wattdepot/trunk/lib/opencsv/opencsv.jar:/Users/gelee/Code/wattdepot/trunk/lib/jetty/jetty-util.jar:/Users/gelee/Code/wattdepot/trunk/lib/jetty/jetty.jar:/Users/gelee/Code/wattdepot/trunk/lib/jetty/servlet-api-2.5.jar:/Users/gelee/Code/wattdepot/trunk/lib/icu4j/icu4j-charsets.jar:/Users/gelee/Code/wattdepot/trunk/lib/icu4j/icu4j-localespi.jar:/Users/gelee/Code/wattdepot/trunk/lib/icu4j/icu4j.jar:/Users/gelee/Code/wattdepot/trunk/lib/google-collections/google-collect.jar:/Users/gelee/Code/wattdepot/trunk/lib/google-visualization-java/visualization-datasource.jar:/Users/gelee/Code/wattdepot/trunk/lib/derby/derby.jar:/Users/gelee/Code/wattdepot/trunk/lib/derby/derbyLocale_cs.jar:/Users/gelee/Code/wattdepot/trunk/lib/derby/derbyLocale_de_DE.jar:/Users/gelee/Code/wattdepot/trunk/lib/derby/derbyLocale_es.jar:/Users/gelee/Code/wattdepot/trunk/lib/derby/derbyLocale_fr.jar:/Users/gelee/Code/wattdepot/trunk/lib/derby/derbyLocale_hu.jar:/Users/gelee/Code/wattdepot/trunk/lib/derby/derbyLocale_it.jar:/Users/gelee/Code/wattdepot/trunk/lib/derby/derbyLocale_ja_JP.jar:/Users/gelee/Code/wattdepot/trunk/lib/derby/derbyLocale_ko_KR.jar:/Users/gelee/Code/wattdepot/trunk/lib/derby/derbyLocale_pl.jar:/Users/gelee/Code/wattdepot/trunk/lib/derby/derbyLocale_pt_BR.jar:/Users/gelee/Code/wattdepot/trunk/lib/derby/derbyLocale_ru.jar:/Users/gelee/Code/wattdepot/trunk/lib/derby/derbyLocale_zh_CN.jar:/Users/gelee/Code/wattdepot/trunk/lib/derby/derbyLocale_zh_TW.jar:/usr/local/Cellar/clojure-contrib/1.2.0/clojure-contrib.jar:/usr/share/java/ant-1.8.1/lib/ant-launcher.jar:/usr/share/ant/lib/ant.jar:/usr/share/ant/lib/ant-junit.jar" />
    <property name="ant.lib.dir" value="/Users/gelee/.ant/lib" />
    <property name="ivy.settings.dir" value="/Users/gelee/Code/wattdepot/trunk" />
    <property name="ant.file.type.sclc" value="file" />
    <property name="os.version" value="10.6.6" />
    <property name="restlet.version" value="1.1.8" />
    <property name="google-visualization-java.version" value="1.0.2" />
    <property name="mrj.version.ivy.instance" value="1060.1.6.0_22-307" />
    <property name="java.class.version.ivy.instance" value="50.0" />
    <property name="java.5.available" value="true" />
    <property name="os.arch.ivy.instance" value="x86_64" />
    <property name="commons-logging.version" value="1.1.1" />
    <property name="ivy.nb.targets.copied" value="0" />
    <property name="java.awt.graphicsenv" value="apple.awt.CGraphicsEnvironment" />
    <property name="java.vm.name.ivy.instance" value="Java HotSpot(TM) 64-Bit Server VM" />
    <property name="pmd.install.dir" value="/Users/gelee/Code/wattdepot/trunk/lib/pmd" />
    <property name="java.vm.vendor" value="Apple Inc." />
    <property name="ivy.log.modules.in.use" value="false" />
    <property name="socksNonProxyHosts.ivy.instance" value="local|*.local|169.254/16|*.169.254/16" />
    <property name="javamail.version" value="1.4.2" />
    <property name="ant.file.type" value="file" />
    <property name="ivy.build.artifacts.dir" value="/Users/gelee/Code/wattdepot/trunk/build/artifacts" />
    <property name="sun.os.patch.level.ivy.instance" value="unknown" />
    <property name="ivy.checksums" value="sha1,md5" />
    <property name="build.dir" value="/Users/gelee/Code/wattdepot/trunk/build" />
    <property name="ivy.configurations" value="*" />
    <property name="opencsv.version" value="1.8" />
    <property name="ivy.distrib.dir" value="/Users/gelee/Code/wattdepot/trunk/distrib" />
    <property name="ant.version" value="Apache Ant version 1.8.1 compiled on September 21 2010" />
    <property name="findbugs.failOnError" value="true" />
    <property name="file.encoding" value="MacRoman" />
    <property name="dependencyfinder.dir" value="/Users/gelee/Code/wattdepot/trunk/build/dependencyfinder" />
    <property name="jcs.version" value="1.3" />
    <property name="commons-cli.version" value="1.2" />
    <property name="awt.toolkit" value="apple.awt.CToolkit" />
    <property name="javancss.dir" value="/Users/gelee/Code/wattdepot/trunk/build/javancss" />
    <property name="user.name.ivy.instance" value="gelee" />
  </properties>
  <testcase classname="org.wattdepot.datainput.TestVerisRowParser" name="testValidRow" time="0.02" />
  <testcase classname="org.wattdepot.datainput.TestVerisRowParser" name="testMissingColumns" time="0.0010" />
  <testcase classname="org.wattdepot.datainput.TestVerisRowParser" name="testEmptyRow" time="0.0" />
  <testcase classname="org.wattdepot.datainput.TestVerisRowParser" name="testNullRow" time="0.0010" />
  <testcase classname="org.wattdepot.datainput.TestVerisRowParser" name="testBogusColumns" time="0.0020" />
  <system-out><![CDATA[]]></system-out>
  <system-err><![CDATA[]]></system-err>
</testsuite>
